<?xml version="1.0" encoding="UTF-8"?>
<!-- Generated by org.testng.reporters.JUnitReportReporter -->
<testsuite hostname="DESKTOP-M15HA42" failures="0" tests="1" name="com.crm.practice.GitDemo" time="0.019" errors="0" timestamp="2021-12-09T16:12:34 IST" skipped="0">
  <testcase classname="com.crm.practice.GitDemo" name="gitDemo" time="0.019"/>
  <system-out/>
</testsuite> <!-- com.crm.practice.GitDemo -->
