<?xml version="1.0" encoding="UTF-8"?>
<!-- Generated by org.testng.reporters.JUnitReportReporter -->
<testsuite hostname="DESKTOP-M15HA42" failures="0" tests="1" name="com.crm.tyss.practice.Class1" time="0.020" errors="0" timestamp="2021-12-12T19:18:07 IST" skipped="0">
  <testcase classname="com.crm.tyss.practice.Class1" name="practice" time="0.020"/>
  <system-out/>
</testsuite> <!-- com.crm.tyss.practice.Class1 -->
